2023-11-06 16:59:50,925 - logs - INFO - 元素定位成功 ,by: id , value :userName  
2023-11-06 16:59:50,925 - logs - INFO - 清除输入框 
2023-11-06 16:59:51,072 - logs - INFO - 输入的值是：test72 
2023-11-06 16:59:51,082 - logs - INFO - 元素定位成功 ,by: id , value :password  
2023-11-06 16:59:51,082 - logs - INFO - 清除输入框 
2023-11-06 16:59:51,163 - logs - INFO - 输入的值是：BanK2131 
2023-11-06 16:59:51,175 - logs - INFO - 元素定位成功 ,by: xpath , value ://*[@id="rc-tabs-0-panel-account"]/div[3]/div[2]/img  
2023-11-06 16:59:51,504 - logs - INFO - 元素定位成功 ,by: id , value :code  
2023-11-06 16:59:51,504 - logs - INFO - 清除输入框 
2023-11-06 16:59:51,564 - logs - INFO - 输入的值是：thus 
2023-11-06 16:59:53,571 - logs - INFO - 强制睡眠等待 2 秒 
2023-11-06 16:59:53,583 - logs - INFO - 元素定位成功 ,by: xpath , value ://*[@type="submit"]  
2023-11-06 16:59:53,680 - logs - INFO - 这个元素登 录已经被点击. 
2023-11-06 16:59:55,691 - logs - INFO - 强制睡眠等待 2 秒 
2023-11-06 16:59:55,705 - logs - INFO - 元素定位成功 ,by id , value :logo  
2023-11-06 16:59:55,705 - logs - ERROR - 元素不存在 
2023-11-06 16:59:55,706 - logs - INFO - 没有查询到信息科技管理系统信息，登录失败 
2023-11-06 16:59:55,717 - logs - INFO - 元素定位成功 ,by: xpath , value ://*[@class="ant-message-notice-content"]/div  
2023-11-06 16:59:55,725 - logs - INFO - 账号密码错误，退出 
2023-11-06 16:59:58,497 - logs - INFO - 关闭浏览器 
2023-11-06 16:59:59,511 - logs - INFO - 强制睡眠等待 1 秒 
