2023-11-10 15:53:13,686 - file_logs - INFO - 元素定位成功 ,by: id , value :userName  
2023-11-10 15:53:13,686 - file_logs - INFO - 清除输入框 
2023-11-10 15:53:13,863 - file_logs - INFO - 输入的值是：test72 
2023-11-10 15:53:13,873 - file_logs - INFO - 元素定位成功 ,by: id , value :password  
2023-11-10 15:53:13,874 - file_logs - INFO - 清除输入框 
2023-11-10 15:53:13,966 - file_logs - INFO - 输入的值是：BanK2131 
2023-11-10 15:53:13,978 - file_logs - INFO - 元素定位成功 ,by: xpath , value ://*[@id="rc-tabs-0-panel-account"]/div[3]/div[2]/img  
2023-11-10 15:53:14,270 - file_logs - INFO - 元素定位成功 ,by: id , value :code  
2023-11-10 15:53:14,270 - file_logs - INFO - 清除输入框 
2023-11-10 15:53:14,336 - file_logs - INFO - 输入的值是：htja 
2023-11-10 15:53:16,344 - file_logs - INFO - 强制睡眠等待 2 秒 
2023-11-10 15:53:16,357 - file_logs - INFO - 元素定位成功 ,by: xpath , value ://*[@type="submit"]  
2023-11-10 15:53:16,485 - file_logs - INFO - 这个元素登 录已经被点击. 
2023-11-10 15:53:18,500 - file_logs - INFO - 强制睡眠等待 2 秒 
2023-11-10 15:53:18,513 - file_logs - INFO - 元素定位成功 ,by id , value :logo  
2023-11-10 15:53:18,513 - file_logs - ERROR - 元素不存在 
2023-11-10 15:53:18,513 - file_logs - INFO - 没有查询到信息科技管理系统信息，登录失败 
2023-11-10 15:53:18,526 - file_logs - INFO - 元素定位成功 ,by: xpath , value ://*[@class="ant-message-notice-content"]/div  
2023-11-10 15:53:18,535 - file_logs - INFO - 账号密码错误，退出 
2023-11-10 15:53:20,852 - file_logs - INFO - 关闭浏览器 
2023-11-10 15:53:21,860 - file_logs - INFO - 强制睡眠等待 1 秒 
