2024-01-15 09:11:28,679 - file_logs - INFO - 元素定位成功 ,by: id , value :userName  
2024-01-15 09:11:28,680 - file_logs - INFO - 清除输入框 
2024-01-15 09:11:28,805 - file_logs - INFO - 输入的值是：admin 
2024-01-15 09:11:28,818 - file_logs - INFO - 元素定位成功 ,by: id , value :password  
2024-01-15 09:11:28,818 - file_logs - INFO - 清除输入框 
2024-01-15 09:11:28,886 - file_logs - INFO - 输入的值是：BanK2131 
2024-01-15 09:11:28,898 - file_logs - INFO - 元素定位成功 ,by: xpath , value ://*[@id="rc-tabs-0-panel-account"]/div[3]/div[2]/img  
2024-01-15 09:11:29,303 - file_logs - INFO - 元素定位成功 ,by: id , value :code  
2024-01-15 09:11:29,304 - file_logs - INFO - 清除输入框 
2024-01-15 09:11:29,354 - file_logs - INFO - 输入的值是：qkqd 
2024-01-15 09:11:31,355 - file_logs - INFO - 强制睡眠等待 2 秒 
2024-01-15 09:11:31,368 - file_logs - INFO - 元素定位成功 ,by: xpath , value ://*[@type="submit"]  
2024-01-15 09:11:31,452 - file_logs - INFO - 这个元素登 录已经被点击. 
2024-01-15 09:11:33,460 - file_logs - INFO - 强制睡眠等待 2 秒 
2024-01-15 09:11:33,470 - file_logs - INFO - 元素定位成功 ,by id , value :logo  
2024-01-15 09:11:33,470 - file_logs - INFO - 元素存在 
2024-01-15 09:11:33,470 - file_logs - INFO - 查询到信息科技管理系统信息，登录成功 
2024-01-15 09:11:38,487 - file_logs - INFO - 强制睡眠等待 5 秒 
2024-01-15 09:11:38,497 - file_logs - INFO - 元素定位成功 ,by: xpath , value ://*[@id="root"]/div/section/aside/div/ul/li[4]  
2024-01-15 09:11:38,572 - file_logs - INFO - 这个元素软件集成已经被点击. 
2024-01-15 09:11:40,588 - file_logs - INFO - 强制睡眠等待 2 秒 
2024-01-15 09:11:45,592 - file_logs - INFO - 强制睡眠等待 5 秒 
2024-01-15 09:11:45,603 - file_logs - INFO - 元素定位成功 ,by: xpath , value ://*[@class="ant-tabs-tabpane ant-tabs-tabpane-active"]/div/div[2]/div/div[1]/div/div[1]/div/div[2]/button  
2024-01-15 09:11:47,928 - file_logs - INFO - 强制睡眠等待 2 秒 
2024-01-15 09:11:52,937 - file_logs - INFO - 强制睡眠等待 5 秒 
2024-01-15 09:11:52,944 - file_logs - INFO - 调用js成功：document.querySelectorAll('.ant-select-selector')[1].style.display='block'; 
2024-01-15 09:12:12,946 - file_logs - INFO - 强制睡眠等待 20 秒 
2024-01-15 09:14:42,645 - file_logs - INFO - 元素定位成功 ,by: id , value :userName  
2024-01-15 09:14:42,646 - file_logs - INFO - 清除输入框 
2024-01-15 09:14:42,763 - file_logs - INFO - 输入的值是：admin 
2024-01-15 09:14:42,776 - file_logs - INFO - 元素定位成功 ,by: id , value :password  
2024-01-15 09:14:42,776 - file_logs - INFO - 清除输入框 
2024-01-15 09:14:42,843 - file_logs - INFO - 输入的值是：BanK2131 
2024-01-15 09:14:42,854 - file_logs - INFO - 元素定位成功 ,by: xpath , value ://*[@id="rc-tabs-0-panel-account"]/div[3]/div[2]/img  
2024-01-15 09:14:43,127 - file_logs - INFO - 元素定位成功 ,by: id , value :code  
2024-01-15 09:14:43,127 - file_logs - INFO - 清除输入框 
2024-01-15 09:14:43,180 - file_logs - INFO - 输入的值是：xq8k 
2024-01-15 09:14:45,188 - file_logs - INFO - 强制睡眠等待 2 秒 
2024-01-15 09:14:45,198 - file_logs - INFO - 元素定位成功 ,by: xpath , value ://*[@type="submit"]  
2024-01-15 09:14:45,271 - file_logs - INFO - 这个元素登 录已经被点击. 
2024-01-15 09:14:47,272 - file_logs - INFO - 强制睡眠等待 2 秒 
2024-01-15 09:14:47,282 - file_logs - INFO - 元素定位成功 ,by id , value :logo  
2024-01-15 09:14:47,282 - file_logs - INFO - 元素存在 
2024-01-15 09:14:47,282 - file_logs - INFO - 查询到信息科技管理系统信息，登录成功 
2024-01-15 09:14:52,299 - file_logs - INFO - 强制睡眠等待 5 秒 
2024-01-15 09:14:52,309 - file_logs - INFO - 元素定位成功 ,by: xpath , value ://*[@id="root"]/div/section/aside/div/ul/li[4]  
2024-01-15 09:14:52,371 - file_logs - INFO - 这个元素软件集成已经被点击. 
2024-01-15 09:14:54,386 - file_logs - INFO - 强制睡眠等待 2 秒 
2024-01-15 09:14:59,388 - file_logs - INFO - 强制睡眠等待 5 秒 
2024-01-15 09:14:59,399 - file_logs - INFO - 元素定位成功 ,by: xpath , value ://*[@class="ant-tabs-tabpane ant-tabs-tabpane-active"]/div/div[2]/div/div[1]/div/div[1]/div/div[2]/button  
2024-01-15 09:15:01,726 - file_logs - INFO - 强制睡眠等待 2 秒 
2024-01-15 09:15:06,733 - file_logs - INFO - 强制睡眠等待 5 秒 
2024-01-15 09:15:06,740 - file_logs - INFO - 调用js成功：document.querySelectorAll('.ant-select-selector')[0].style.display='block'; 
2024-01-15 09:15:26,747 - file_logs - INFO - 强制睡眠等待 20 秒 
2024-01-15 09:50:21,147 - file_logs - INFO - 元素定位成功 ,by: id , value :userName  
2024-01-15 09:50:21,147 - file_logs - INFO - 清除输入框 
2024-01-15 09:50:21,264 - file_logs - INFO - 输入的值是：admin 
2024-01-15 09:50:21,275 - file_logs - INFO - 元素定位成功 ,by: id , value :password  
2024-01-15 09:50:21,275 - file_logs - INFO - 清除输入框 
2024-01-15 09:50:21,341 - file_logs - INFO - 输入的值是：BanK2131 
2024-01-15 09:50:21,351 - file_logs - INFO - 元素定位成功 ,by: xpath , value ://*[@id="rc-tabs-0-panel-account"]/div[3]/div[2]/img  
2024-01-15 09:50:21,628 - file_logs - INFO - 元素定位成功 ,by: id , value :code  
2024-01-15 09:50:21,628 - file_logs - INFO - 清除输入框 
2024-01-15 09:50:21,679 - file_logs - INFO - 输入的值是：rkrj 
2024-01-15 09:50:23,687 - file_logs - INFO - 强制睡眠等待 2 秒 
2024-01-15 09:50:23,699 - file_logs - INFO - 元素定位成功 ,by: xpath , value ://*[@type="submit"]  
2024-01-15 09:50:23,769 - file_logs - INFO - 这个元素登 录已经被点击. 
2024-01-15 09:50:25,781 - file_logs - INFO - 强制睡眠等待 2 秒 
2024-01-15 09:50:25,790 - file_logs - INFO - 元素定位成功 ,by id , value :logo  
2024-01-15 09:50:25,791 - file_logs - INFO - 元素存在 
2024-01-15 09:50:25,791 - file_logs - INFO - 查询到信息科技管理系统信息，登录成功 
2024-01-15 09:50:30,796 - file_logs - INFO - 强制睡眠等待 5 秒 
2024-01-15 09:50:30,806 - file_logs - INFO - 元素定位成功 ,by: xpath , value ://*[@id="root"]/div/section/aside/div/ul/li[4]  
2024-01-15 09:50:30,867 - file_logs - INFO - 这个元素软件集成已经被点击. 
2024-01-15 09:50:32,881 - file_logs - INFO - 强制睡眠等待 2 秒 
2024-01-15 09:50:37,882 - file_logs - INFO - 强制睡眠等待 5 秒 
2024-01-15 09:50:37,892 - file_logs - INFO - 元素定位成功 ,by: xpath , value ://*[@class="ant-tabs-tabpane ant-tabs-tabpane-active"]/div/div[2]/div/div[1]/div/div[1]/div/div[2]/button  
2024-01-15 09:50:40,197 - file_logs - INFO - 强制睡眠等待 2 秒 
2024-01-15 09:50:45,209 - file_logs - INFO - 强制睡眠等待 5 秒 
2024-01-15 09:50:45,214 - file_logs - ERROR - js错误 
2024-01-15 09:50:45,223 - file_logs - INFO - 元素定位成功 ,by: xpath , value ://*[@id="root"]/div/section/section/div/main/div/div/div/div[2]/div/div[2]/div[1]/div  
2024-01-15 09:52:51,295 - file_logs - INFO - 元素定位成功 ,by: id , value :userName  
2024-01-15 09:52:51,295 - file_logs - INFO - 清除输入框 
2024-01-15 09:52:51,416 - file_logs - INFO - 输入的值是：admin 
2024-01-15 09:52:51,427 - file_logs - INFO - 元素定位成功 ,by: id , value :password  
2024-01-15 09:52:51,427 - file_logs - INFO - 清除输入框 
2024-01-15 09:52:51,497 - file_logs - INFO - 输入的值是：BanK2131 
2024-01-15 09:52:51,511 - file_logs - INFO - 元素定位成功 ,by: xpath , value ://*[@id="rc-tabs-0-panel-account"]/div[3]/div[2]/img  
2024-01-15 09:52:51,774 - file_logs - INFO - 元素定位成功 ,by: id , value :code  
2024-01-15 09:52:51,774 - file_logs - INFO - 清除输入框 
2024-01-15 09:52:51,829 - file_logs - INFO - 输入的值是：mmvz 
2024-01-15 09:52:53,836 - file_logs - INFO - 强制睡眠等待 2 秒 
2024-01-15 09:52:53,846 - file_logs - INFO - 元素定位成功 ,by: xpath , value ://*[@type="submit"]  
2024-01-15 09:52:53,920 - file_logs - INFO - 这个元素登 录已经被点击. 
2024-01-15 09:52:55,936 - file_logs - INFO - 强制睡眠等待 2 秒 
2024-01-15 09:52:55,955 - file_logs - INFO - 元素定位成功 ,by id , value :logo  
2024-01-15 09:52:55,955 - file_logs - INFO - 元素存在 
2024-01-15 09:52:55,955 - file_logs - INFO - 查询到信息科技管理系统信息，登录成功 
2024-01-15 09:53:00,965 - file_logs - INFO - 强制睡眠等待 5 秒 
2024-01-15 09:53:00,975 - file_logs - INFO - 元素定位成功 ,by: xpath , value ://*[@id="root"]/div/section/aside/div/ul/li[4]  
2024-01-15 09:53:01,040 - file_logs - INFO - 这个元素软件集成已经被点击. 
2024-01-15 09:53:03,047 - file_logs - INFO - 强制睡眠等待 2 秒 
2024-01-15 09:53:08,049 - file_logs - INFO - 强制睡眠等待 5 秒 
2024-01-15 09:53:08,058 - file_logs - INFO - 元素定位成功 ,by: xpath , value ://*[@class="ant-tabs-tabpane ant-tabs-tabpane-active"]/div/div[2]/div/div[1]/div/div[1]/div/div[2]/button  
2024-01-15 09:53:10,362 - file_logs - INFO - 强制睡眠等待 2 秒 
2024-01-15 09:53:15,378 - file_logs - INFO - 强制睡眠等待 5 秒 
2024-01-15 09:53:15,385 - file_logs - INFO - 调用js成功：document.querySelectorAll('.ant-select-selector')[1].style.display='block'; 
2024-01-15 09:53:15,396 - file_logs - INFO - 元素定位成功 ,by: xpath , value ://*[@id="root"]/div/section/section/div/main/div/div/div/div[2]/div/div[2]/div[1]/div  
