2024-01-13 18:00:42,747 - file_logs - INFO - 元素定位成功 ,by: id , value :userName  
2024-01-13 18:00:42,747 - file_logs - INFO - 清除输入框 
2024-01-13 18:00:42,870 - file_logs - INFO - 输入的值是：admin 
2024-01-13 18:00:42,881 - file_logs - INFO - 元素定位成功 ,by: id , value :password  
2024-01-13 18:00:42,881 - file_logs - INFO - 清除输入框 
2024-01-13 18:00:42,951 - file_logs - INFO - 输入的值是：BanK2131 
2024-01-13 18:00:42,962 - file_logs - INFO - 元素定位成功 ,by: xpath , value ://*[@id="rc-tabs-0-panel-account"]/div[3]/div[2]/img  
2024-01-13 18:00:43,217 - file_logs - INFO - 元素定位成功 ,by: id , value :code  
2024-01-13 18:00:43,217 - file_logs - INFO - 清除输入框 
2024-01-13 18:00:43,269 - file_logs - INFO - 输入的值是：ucuq 
2024-01-13 18:00:45,284 - file_logs - INFO - 强制睡眠等待 2 秒 
2024-01-13 18:00:45,295 - file_logs - INFO - 元素定位成功 ,by: xpath , value ://*[@type="submit"]  
2024-01-13 18:00:45,370 - file_logs - INFO - 这个元素登 录已经被点击. 
2024-01-13 18:00:47,372 - file_logs - INFO - 强制睡眠等待 2 秒 
2024-01-13 18:00:47,382 - file_logs - INFO - 元素定位成功 ,by id , value :logo  
2024-01-13 18:00:47,382 - file_logs - INFO - 元素存在 
2024-01-13 18:00:47,382 - file_logs - INFO - 查询到信息科技管理系统信息，登录成功 
2024-01-13 18:00:52,393 - file_logs - INFO - 强制睡眠等待 5 秒 
2024-01-13 18:00:52,403 - file_logs - INFO - 元素定位成功 ,by: xpath , value ://*[@id="root"]/div/section/aside/div/ul/li[4]  
2024-01-13 18:00:52,472 - file_logs - INFO - 这个元素软件集成已经被点击. 
2024-01-13 18:00:54,482 - file_logs - INFO - 强制睡眠等待 2 秒 
2024-01-13 18:00:59,489 - file_logs - INFO - 强制睡眠等待 5 秒 
2024-01-13 18:00:59,516 - file_logs - INFO - 元素定位成功 ,by: xpath , value ://*[@class="ant-tabs-tabpane ant-tabs-tabpane-active"]/div/div[2]/div/div[1]/div/div[1]/div/div[2]/button  
2024-01-13 18:01:01,844 - file_logs - INFO - 强制睡眠等待 2 秒 
2024-01-13 18:01:06,849 - file_logs - INFO - 强制睡眠等待 5 秒 
2024-01-13 18:01:06,859 - file_logs - INFO - 元素定位成功 ,by: xpath , value ://*[@class="ant-select-selection-item" and @title="轮播"]  
