2023-11-10 14:22:10,159 - file_logs - INFO - 元素定位成功 ,by: id , value :userName  
2023-11-10 14:22:10,160 - file_logs - INFO - 清除输入框 
2023-11-10 14:22:10,326 - file_logs - INFO - 输入的值是：test72 
2023-11-10 14:22:10,337 - file_logs - INFO - 元素定位成功 ,by: id , value :password  
2023-11-10 14:22:10,337 - file_logs - INFO - 清除输入框 
2023-11-10 14:22:10,424 - file_logs - INFO - 输入的值是：BanK2131 
2023-11-10 14:22:10,435 - file_logs - INFO - 元素定位成功 ,by: xpath , value ://*[@id="rc-tabs-0-panel-account"]/div[3]/div[2]/img  
2023-11-10 14:22:10,725 - file_logs - INFO - 元素定位成功 ,by: id , value :code  
2023-11-10 14:22:10,726 - file_logs - INFO - 清除输入框 
2023-11-10 14:22:10,791 - file_logs - INFO - 输入的值是：9axu 
2023-11-10 14:22:12,806 - file_logs - INFO - 强制睡眠等待 2 秒 
2023-11-10 14:22:12,818 - file_logs - INFO - 元素定位成功 ,by: xpath , value ://*[@type="submit"]  
2023-11-10 14:22:12,920 - file_logs - INFO - 这个元素登 录已经被点击. 
2023-11-10 14:22:14,922 - file_logs - INFO - 强制睡眠等待 2 秒 
2023-11-10 14:22:14,934 - file_logs - INFO - 元素定位成功 ,by id , value :logo  
2023-11-10 14:22:14,934 - file_logs - ERROR - 元素不存在 
2023-11-10 14:22:14,934 - file_logs - INFO - 没有查询到信息科技管理系统信息，登录失败 
2023-11-10 14:22:14,946 - file_logs - INFO - 元素定位成功 ,by: xpath , value ://*[@class="ant-message-notice-content"]/div  
2023-11-10 14:22:14,958 - file_logs - INFO - 账号密码错误，退出 
2023-11-10 14:22:17,281 - file_logs - INFO - 关闭浏览器 
2023-11-10 14:22:18,295 - file_logs - INFO - 强制睡眠等待 1 秒 
2023-11-10 14:31:50,380 - file_logs - INFO - 元素定位成功 ,by: id , value :userName  
2023-11-10 14:31:50,381 - file_logs - INFO - 清除输入框 
2023-11-10 14:31:50,547 - file_logs - INFO - 输入的值是：admin 
2023-11-10 14:31:50,558 - file_logs - INFO - 元素定位成功 ,by: id , value :password  
2023-11-10 14:31:50,558 - file_logs - INFO - 清除输入框 
2023-11-10 14:31:50,654 - file_logs - INFO - 输入的值是：BanK2131 
2023-11-10 14:31:50,668 - file_logs - INFO - 元素定位成功 ,by: xpath , value ://*[@id="rc-tabs-0-panel-account"]/div[3]/div[2]/img  
2023-11-10 14:31:50,951 - file_logs - INFO - 元素定位成功 ,by: id , value :code  
2023-11-10 14:31:50,951 - file_logs - INFO - 清除输入框 
2023-11-10 14:31:51,010 - file_logs - INFO - 输入的值是：Tyxs 
2023-11-10 14:31:53,023 - file_logs - INFO - 强制睡眠等待 2 秒 
2023-11-10 14:31:53,037 - file_logs - INFO - 元素定位成功 ,by: xpath , value ://*[@type="submit"]  
2023-11-10 14:31:53,136 - file_logs - INFO - 这个元素登 录已经被点击. 
2023-11-10 14:31:55,144 - file_logs - INFO - 强制睡眠等待 2 秒 
2023-11-10 14:31:55,155 - file_logs - INFO - 元素定位成功 ,by id , value :logo  
2023-11-10 14:31:55,155 - file_logs - ERROR - 元素不存在 
2023-11-10 14:31:55,155 - file_logs - INFO - 没有查询到信息科技管理系统信息，登录失败 
2023-11-10 14:31:55,167 - file_logs - INFO - 元素定位成功 ,by: xpath , value ://*[@class="ant-message-notice-content"]/div  
2023-11-10 14:31:57,189 - file_logs - INFO - 强制睡眠等待 2 秒 
2023-11-10 14:31:57,202 - file_logs - INFO - 元素定位成功 ,by: xpath , value ://*[@class="ant-input"]  
2023-11-10 14:31:57,293 - file_logs - INFO - 元素定位成功 ,by: xpath , value ://*[@id="rc-tabs-0-panel-account"]/div[3]/div[2]/img  
2023-11-10 14:31:57,553 - file_logs - INFO - 元素定位成功 ,by: id , value :code  
2023-11-10 14:31:57,553 - file_logs - INFO - 清除输入框 
2023-11-10 14:31:57,594 - file_logs - INFO - 输入的值是：czv9 
2023-11-10 14:31:59,600 - file_logs - INFO - 强制睡眠等待 2 秒 
2023-11-10 14:31:59,610 - file_logs - INFO - 元素定位成功 ,by: xpath , value ://*[@type="submit"]  
2023-11-10 14:38:26,045 - file_logs - INFO - 元素定位成功 ,by: id , value :userName  
2023-11-10 14:38:26,045 - file_logs - INFO - 清除输入框 
2023-11-10 14:38:26,209 - file_logs - INFO - 输入的值是：test72 
2023-11-10 14:38:26,219 - file_logs - INFO - 元素定位成功 ,by: id , value :password  
2023-11-10 14:38:26,219 - file_logs - INFO - 清除输入框 
2023-11-10 14:38:26,311 - file_logs - INFO - 输入的值是：BanK2131 
2023-11-10 14:38:26,322 - file_logs - INFO - 元素定位成功 ,by: xpath , value ://*[@id="rc-tabs-0-panel-account"]/div[3]/div[2]/img  
2023-11-10 14:38:26,634 - file_logs - INFO - 元素定位成功 ,by: id , value :code  
2023-11-10 14:38:26,634 - file_logs - INFO - 清除输入框 
2023-11-10 14:38:26,695 - file_logs - INFO - 输入的值是：gvp5 
2023-11-10 14:38:28,703 - file_logs - INFO - 强制睡眠等待 2 秒 
2023-11-10 14:38:28,716 - file_logs - INFO - 元素定位成功 ,by: xpath , value ://*[@type="submit"]  
2023-11-10 14:38:28,816 - file_logs - INFO - 这个元素登 录已经被点击. 
2023-11-10 14:38:30,829 - file_logs - INFO - 强制睡眠等待 2 秒 
2023-11-10 14:38:30,841 - file_logs - INFO - 元素定位成功 ,by id , value :logo  
2023-11-10 14:38:30,841 - file_logs - ERROR - 元素不存在 
2023-11-10 14:38:30,841 - file_logs - INFO - 没有查询到信息科技管理系统信息，登录失败 
2023-11-10 14:38:30,850 - file_logs - INFO - 元素定位成功 ,by: xpath , value ://*[@class="ant-message-notice-content"]/div  
2023-11-10 14:38:30,861 - file_logs - INFO - 账号密码错误，退出 
2023-11-10 14:38:34,259 - file_logs - INFO - 关闭浏览器 
2023-11-10 14:38:35,284 - file_logs - INFO - 强制睡眠等待 1 秒 
